Compilous os testes do Map
DCTestPthread.cpp: In function ‘void merge(int, int)’:
DCTestPthread.cpp:18:17: error: expected type-specifier before ‘[’ token
DCTestAnahy.cpp: In function ‘void merge(int, int)’:
DCTestAnahy.cpp:23:16: error: expected type-specifier before ‘[’ token
Compilous os testes do DC
Inicia a Executção dos testes do Map 

Compilous os testes do Map
DCTestPthread.cpp: In function ‘void merge(int, int)’:
DCTestPthread.cpp:18:17: error: expected type-specifier before ‘[’ token
DCTestAnahy.cpp: In function ‘void merge(int, int)’:
DCTestAnahy.cpp:23:16: error: expected type-specifier before ‘[’ token
Compilous os testes do DC
Inicia a Executção dos testes do Map 

Executou Map_test_Pthread 

Executou Map_test_Anahy 

Executou Map_test_PI_Anahy 

Executou Map_test_PI_Pthread

Executou os testes do Map 

Inicia a Executção dos testes do DC 

Executou DC_test_Pthread 

Executou DC_test_Anahy 

Executou DC_test_PI_Anahy 

Executou DC_test_PI_Pthread 

Executou os testes do DC 

Terminou todo!!!!!
Compilous os testes do Map
Compilous os testes do DC
Inicia a Executção dos testes do Map 

Executou Map_test_Pthread 

Executou Map_test_Anahy 

Executou Map_test_PI_Anahy 

Executou Map_test_PI_Pthread

Executou os testes do Map 

Inicia a Executção dos testes do DC 

Executou DC_test_Pthread 

Executou DC_test_Anahy 

Executou DC_test_PI_Anahy 

Executou DC_test_PI_Pthread 

Executou os testes do DC 

Terminou todo!!!!!
Compilous os testes do Map
Compilous os testes do DC
Inicia a Executção dos testes do Map 

Executou Map_test_Pthread 

Executou Map_test_Anahy 

Executou Map_test_PI_Anahy 

Executou Map_test_PI_Pthread

Executou os testes do Map 

Inicia a Executção dos testes do DC 

Executou DC_test_Pthread 

Executou DC_test_Anahy 

Executou DC_test_PI_Anahy 

Executou DC_test_PI_Pthread 

Executou os testes do DC 

Terminou todo!!!!!
